Using pre-set license
Built from '2020.3/staging' branch; Version is '2020.3.17f1 (a4537701e4ab) revision 10769271'; Using compiler version '192528614'; Build Type 'Release'
OS: 'Windows 10 Pro; OS build 19043.1237; Version 2009; 64bit' Language: 'es' Physical Memory: 11753 MB
BatchMode: 1, IsHumanControllingUs: 0, StartBugReporterOnCrash: 0, Is64bit: 1, IsPro: 0

COMMAND LINE ARGUMENTS:
C:\Program Files\Unity\Hub\Editor\2020.3.17f1\Editor\Unity.exe
-adb2
-batchMode
-noUpm
-name
AssetImportWorker1
-projectPath
D:/UNIVERSIDAD/VIDEOJUEGOS/Proyectos/Proyectos/T2examen3
-logFile
Logs/AssetImportWorker1.log
-srvPort
64116
Successfully changed project path to: D:/UNIVERSIDAD/VIDEOJUEGOS/Proyectos/Proyectos/T2examen3
D:/UNIVERSIDAD/VIDEOJUEGOS/Proyectos/Proyectos/T2examen3
Using Asset Import Pipeline V2.
